测试一下
    GET -- /api/blog/list
    
    GET -- /api/blog/list
    
    GET -- /api/blog/list
    
    GET -- /api/blog/detail
    
    GET -- /api/user/login-test
    
    GET -- /api/blog/list
    
    GET -- /api/user/login-test
    
    POST -- /api/user/login
    
    GET -- /api/blog/list
    
    GET -- /api/user/login-test
    
    GET -- /api/blog/list
    
    GET -- /api/blog/detail
    
    GET -- /api/user/login-test
    
    GET -- /api/blog/list
    
    GET -- /api/user/login-test
    
    GET -- /api/blog/list
    
    GET -- /api/blog/list
    
    POST -- /api/user/login
    
    POST -- /api/user/login
    
    POST -- /api/user/login
    
    POST -- /api/user/login
    
    POST -- /api/user/login
    
    POST -- /api/user/login
    
    POST -- /api/user/login
    
    GET -- /api/blog/list
    
    POST -- /api/user/login
    
    POST -- /api/user/login
    
    POST -- /api/user/login
    
    POST -- /api/user/login
    
    POST -- /api/user/login
    
    POST -- /api/user/login
    
    POST -- /api/user/login
    
    POST -- /api/user/login
    
    GET -- /api/blog/list
    
    GET -- /api/blog/detail
    
    GET -- /api/blog/list
    
    POST -- /api/user/login
    
    POST -- /api/user/login
    
    POST -- /api/user/login
    
    POST -- /api/user/login
    
    POST -- /api/user/login
    
    POST -- /api/user/login
    
    POST -- /api/user/login
    
    POST -- /api/user/login
    
    POST -- /api/user/login
    
    GET -- /api/blog/list
    
    GET -- /api/user/login-test
    
    GET -- /api/blog/list
    
    POST -- /api/blog/new
    
    GET -- /api/blog/list
    
    GET -- /api/blog/detail
    
    GET -- /api/user/login-test
    
    GET -- /api/blog/list
    
    GET -- /api/blog/detail
    
    POST -- /api/blog/update
    
    GET -- /api/blog/list
    
    GET -- /api/blog/detail
    
    GET -- /api/user/login-test
    
    GET -- /api/blog/list
    
    POST -- /api/blog/del
    
    GET -- /api/blog/list
    
    GET -- /api/blog/list
    
    POST -- /api/blog/new
    
    GET -- /api/blog/list
    
    GET -- /api/blog/detail
    
    GET -- /api/user/login-test
    
    GET -- /api/blog/list
    
    GET -- /api/blog/detail
    
    POST -- /api/blog/update
    
    GET -- /api/blog/list
    
    GET -- /api/blog/detail
    
    GET -- /api/user/login-test
    
    GET -- /api/blog/list
    
    GET -- /api/blog/detail
    
    POST -- /api/blog/update
    
    GET -- /api/blog/list
    
    GET -- /api/user/login-test
    
    GET -- /api/blog/list
    
    GET -- /api/blog/list
    
    GET -- /api/blog/detail
    
    GET -- /api/user/login-test
    
    GET -- /api/blog/list
    
    GET -- /api/blog/list
    
    GET -- /api/user/login-test
    
    GET -- /api/blog/list
    
    GET -- /api/blog/list
    
    GET -- /api/user/login-test
    
    GET -- /api/blog/list
    
    GET -- /api/blog/list
    
    GET -- /api/user/login-test
    
    GET -- /api/blog/list
    
    GET -- /api/blog/list
    
    GET -- /api/blog/list
    
    GET -- /api/blog/list
    
    POST -- /api/blog/new
    
    GET -- /api/blog/list
    
    GET -- /api/blog/detail
    
    GET -- /api/user/login-test
    
    GET -- /api/blog/list
    
    GET -- /api/blog/list
    
    GET -- /api/blog/detail
    
    GET -- /api/user/login-test
    
    GET -- /api/blog/list
    
    POST -- /api/blog/del
    
    GET -- /api/blog/list
    